<?xml version="1.0" encoding="UTF-8"?>
<!-- Generated by org.testng.reporters.JUnitXMLReporter -->
<testsuite ignored="28" hostname="DESKTOP-GH87THQ" failures="0" tests="1" name="Default test" time="24.59" errors="0" timestamp="2022-01-28T13:55:42 IST">
  <testcase classname="bookstore.BookstorePosTest" name="loginWithValidCreadentials" time="7.514"/>
  <testcase classname="bookstore.BookstorePosTest" name="verifyMyWishlistPage" time="0.0">
    <ignored/>
  </testcase> <!-- verifyMyWishlistPage -->
  <testcase classname="bookstore.BookstorePosTest" name="userLogoutAction" time="0.0">
    <ignored/>
  </testcase> <!-- userLogoutAction -->
  <testcase classname="bookstore.BookstorePosTest" name="removeFirstItemFromCart" time="0.0">
    <ignored/>
  </testcase> <!-- removeFirstItemFromCart -->
  <testcase classname="bookstore.BookstorePosTest" name="CheckingPlacingOrder" time="0.0">
    <ignored/>
  </testcase> <!-- CheckingPlacingOrder -->
  <testcase classname="bookstore.BookstorePosTest" name="removeTotalCartItems" time="0.0">
    <ignored/>
  </testcase> <!-- removeTotalCartItems -->
  <testcase classname="bookstore.BookstorePosTest" name="searchingBooks" time="0.0">
    <ignored/>
  </testcase> <!-- searchingBooks -->
  <testcase classname="bookstore.BookstorePosTest" name="verifyNewArriavalPage" time="0.0">
    <ignored/>
  </testcase> <!-- verifyNewArriavalPage -->
  <testcase classname="bookstore.BookstorePosTest" name="verifyBestSellerPage" time="0.0">
    <ignored/>
  </testcase> <!-- verifyBestSellerPage -->
  <testcase classname="bookstore.BookstorePosTest" name="verifyPreOrderPage" time="0.0">
    <ignored/>
  </testcase> <!-- verifyPreOrderPage -->
  <testcase classname="bookstore.BookstorePosTest" name="verifyMyOrdersPage" time="0.0">
    <ignored/>
  </testcase> <!-- verifyMyOrdersPage -->
  <testcase classname="bookstore.BookstorePosTest" name="searchProductAndAddItToCart" time="0.0">
    <ignored/>
  </testcase> <!-- searchProductAndAddItToCart -->
  <testcase classname="bookstore.BookstorePosTest" name="verifyMyAddressPage" time="0.0">
    <ignored/>
  </testcase> <!-- verifyMyAddressPage -->
  <testcase classname="bookstore.BookstorePosTest" name="verifyForgotPasswordPage" time="0.0">
    <ignored/>
  </testcase> <!-- verifyForgotPasswordPage -->
  <testcase classname="bookstore.BookstorePosTest" name="searchAllResult" time="0.0">
    <ignored/>
  </testcase> <!-- searchAllResult -->
  <testcase classname="bookstore.BookstorePosTest" name="verifyLogoIsDisplayed" time="0.0">
    <ignored/>
  </testcase> <!-- verifyLogoIsDisplayed -->
  <testcase classname="bookstore.BookstorePosTest" name="changeBuyingQuantity" time="0.0">
    <ignored/>
  </testcase> <!-- changeBuyingQuantity -->
  <testcase classname="bookstore.BookstorePosTest" name="verifyMyGiftPage" time="0.0">
    <ignored/>
  </testcase> <!-- verifyMyGiftPage -->
  <testcase classname="bookstore.BookstorePosTest" name="verifyMyCartIsOpen" time="0.0">
    <ignored/>
  </testcase> <!-- verifyMyCartIsOpen -->
  <testcase classname="bookstore.BookstorePosTest" name="toggleCurrency" time="0.0">
    <ignored/>
  </testcase> <!-- toggleCurrency -->
  <testcase classname="bookstore.BookstorePosTest" name="verifyChangePasswordPage" time="0.0">
    <ignored/>
  </testcase> <!-- verifyChangePasswordPage -->
  <testcase classname="bookstore.BookstorePosTest" name="verifyAwardWinnerPage" time="0.0">
    <ignored/>
  </testcase> <!-- verifyAwardWinnerPage -->
  <testcase classname="bookstore.BookstorePosTest" name="addCart" time="0.0">
    <ignored/>
  </testcase> <!-- addCart -->
  <testcase classname="bookstore.BookstorePosTest" name="continueForPlacingOrder" time="0.0">
    <ignored/>
  </testcase> <!-- continueForPlacingOrder -->
  <testcase classname="bookstore.BookstorePosTest" name="verifyForgotPasswordWithValidEmail" time="0.0">
    <ignored/>
  </testcase> <!-- verifyForgotPasswordWithValidEmail -->
  <testcase classname="bookstore.BookstorePosTest" name="verifyPersonalSettingPage" time="0.0">
    <ignored/>
  </testcase> <!-- verifyPersonalSettingPage -->
  <testcase classname="bookstore.BookstorePosTest" name="verifyTextBookPage" time="0.0">
    <ignored/>
  </testcase> <!-- verifyTextBookPage -->
  <testcase classname="bookstore.BookstorePosTest" name="verifyFeatureAuthorPage" time="0.0">
    <ignored/>
  </testcase> <!-- verifyFeatureAuthorPage -->
  <testcase classname="bookstore.BookstorePosTest" name="verifyLoginStatus" time="0.0">
    <ignored/>
  </testcase> <!-- verifyLoginStatus -->
</testsuite> <!-- Default test -->
