<?xml version="1.0" encoding="UTF-8"?>
<!-- Generated by org.testng.reporters.JUnitXMLReporter -->
<testsuite ignored="0" hostname="DESKTOP-GH87THQ" failures="0" tests="31" name="Default test" time="202.503" errors="0" timestamp="2022-01-21T15:33:37 IST">
  <testcase classname="bookstore.BookstoreTest" name="loginWithInValidCreadentials" time="10.883"/>
  <testcase classname="bookstore.BookstoreTest" name="verifyForgotPasswordPage" time="2.896"/>
  <testcase classname="bookstore.BookstoreTest" name="verifyForgotPasswordWithValidEmail" time="5.411"/>
  <testcase classname="bookstore.BookstoreTest" name="verifyForgotPasswordWithInValidEmail" time="3.892"/>
  <testcase classname="bookstore.BookstoreTest" name="loginWithValidCreadentials" time="4.722"/>
  <testcase classname="bookstore.BookstoreTest" name="verifyLoginStatus" time="1.709"/>
  <testcase classname="bookstore.BookstoreTest" name="verifyPersonalSettingPage" time="2.626"/>
  <testcase classname="bookstore.BookstoreTest" name="verifyMyOrdersPage" time="1.434"/>
  <testcase classname="bookstore.BookstoreTest" name="verifyMyWishlistPage" time="1.563"/>
  <testcase classname="bookstore.BookstoreTest" name="verifyMyGiftPage" time="1.359"/>
  <testcase classname="bookstore.BookstoreTest" name="verifyMyAddressPage" time="1.279"/>
  <testcase classname="bookstore.BookstoreTest" name="verifyChangePasswordPage" time="1.814"/>
  <testcase classname="bookstore.BookstoreTest" name="verifyLogoIsDisplayed" time="7.608"/>
  <testcase classname="bookstore.BookstoreTest" name="verifyNewArriavalPage" time="2.625"/>
  <testcase classname="bookstore.BookstoreTest" name="verifyPreOrderPage" time="2.809"/>
  <testcase classname="bookstore.BookstoreTest" name="verifyBestSellerPage" time="3.529"/>
  <testcase classname="bookstore.BookstoreTest" name="verifyTextBookPage" time="1.978"/>
  <testcase classname="bookstore.BookstoreTest" name="verifyAwardWinnerPage" time="1.818"/>
  <testcase classname="bookstore.BookstoreTest" name="verifyFeatureAuthorPage" time="1.676"/>
  <testcase classname="bookstore.BookstoreTest" name="searchingBooks" time="5.64"/>
  <testcase classname="bookstore.BookstoreTest" name="addCart" time="11.076"/>
  <testcase classname="bookstore.BookstoreTest" name="searchProductAndAddItToCart" time="12.616"/>
  <testcase classname="bookstore.BookstoreTest" name="verifyMyCartIsOpen" time="1.238"/>
  <testcase classname="bookstore.BookstoreTest" name="removeFirstItemFromCart" time="2.196"/>
  <testcase classname="bookstore.BookstoreTest" name="removeTotalCartItems" time="32.365"/>
  <testcase classname="bookstore.BookstoreTest" name="searchAllResult" time="10.329"/>
  <testcase classname="bookstore.BookstoreTest" name="changeBuyingQuantity" time="1.175"/>
  <testcase classname="bookstore.BookstoreTest" name="toggleCurrency" time="5.584"/>
  <testcase classname="bookstore.BookstoreTest" name="CheckingPlacingOrder" time="4.424"/>
  <testcase classname="bookstore.BookstoreTest" name="continueForPlacingOrder" time="13.152"/>
  <testcase classname="bookstore.BookstoreTest" name="userLogoutAction" time="9.42"/>
</testsuite> <!-- Default test -->
