<?xml version="1.0" encoding="UTF-8"?>
<testng-results ignored="28" total="29" passed="1" failed="0" skipped="0">
  <reporter-output>
  </reporter-output>
  <suite started-at="2022-01-28T13:55:17 IST" name="Default suite" finished-at="2022-01-28T13:55:42 IST" duration-ms="24590">
    <groups>
    </groups>
    <test started-at="2022-01-28T13:55:17 IST" name="Default test" finished-at="2022-01-28T13:55:42 IST" duration-ms="24590">
      <class name="bookstore.BookstorePosTest">
        <test-method is-config="true" signature="testSetup()[pri:0, instance:bookstore.BookstorePosTest@72e5a8e]" started-at="2022-01-28T13:55:17 IST" name="testSetup" finished-at="2022-01-28T13:55:24 IST" duration-ms="6985" status="PASS">
          <reporter-output>
          </reporter-output>
        </test-method> <!-- testSetup -->
        <test-method signature="loginWithValidCreadentials()[pri:2, instance:bookstore.BookstorePosTest@72e5a8e]" started-at="2022-01-28T13:55:24 IST" name="loginWithValidCreadentials" finished-at="2022-01-28T13:55:32 IST" duration-ms="7514" status="PASS">
          <reporter-output>
          </reporter-output>
        </test-method> <!-- loginWithValidCreadentials -->
        <test-method is-config="true" signature="tearDown()[pri:0, instance:bookstore.BookstorePosTest@72e5a8e]" started-at="2022-01-28T13:55:32 IST" name="tearDown" finished-at="2022-01-28T13:55:42 IST" duration-ms="10025" status="PASS">
          <reporter-output>
          </reporter-output>
        </test-method> <!-- tearDown -->
      </class> <!-- bookstore.BookstorePosTest -->
    </test> <!-- Default test -->
  </suite> <!-- Default suite -->
</testng-results>
