<?xml version="1.0" encoding="UTF-8"?>
<testng-results ignored="0" total="1" passed="1" failed="0" skipped="0">
  <reporter-output>
  </reporter-output>
  <suite started-at="2022-01-14T07:45:06 IST" name="Default suite" finished-at="2022-01-14T07:45:55 IST" duration-ms="49592">
    <groups>
    </groups>
    <test started-at="2022-01-14T07:45:06 IST" name="Default test" finished-at="2022-01-14T07:45:55 IST" duration-ms="49592">
      <class name="bookstore.BookstoreTest">
        <test-method is-config="true" signature="testSetup()[pri:0, instance:bookstore.BookstoreTest@5b03b9fe]" started-at="2022-01-14T07:45:06 IST" name="testSetup" finished-at="2022-01-14T07:45:20 IST" duration-ms="14360" status="PASS">
          <reporter-output>
          </reporter-output>
        </test-method> <!-- testSetup -->
        <test-method signature="searchingBooks()[pri:0, instance:bookstore.BookstoreTest@5b03b9fe]" started-at="2022-01-14T07:45:20 IST" name="searchingBooks" finished-at="2022-01-14T07:45:51 IST" duration-ms="30803" status="PASS">
          <reporter-output>
          </reporter-output>
        </test-method> <!-- searchingBooks -->
        <test-method is-config="true" signature="tearDown()[pri:0, instance:bookstore.BookstoreTest@5b03b9fe]" started-at="2022-01-14T07:45:51 IST" name="tearDown" finished-at="2022-01-14T07:45:55 IST" duration-ms="4338" status="PASS">
          <reporter-output>
          </reporter-output>
        </test-method> <!-- tearDown -->
      </class> <!-- bookstore.BookstoreTest -->
    </test> <!-- Default test -->
  </suite> <!-- Default suite -->
</testng-results>
